

Version:	3.14
CmdLine:	C:\Users\Joshua\Documents\Code\subliminator-windows-installer\Subliminator.exe --l4j-debug
WOW64:		yes
Working dir:	C:\Users\Joshua\Documents\Code\subliminator-windows-installer\.
Java min ver:	1.008.000
Java max ver:	1.009.000
64-bit search:	SOFTWARE\JavaSoft\Java Runtime Environment...
Check:		SOFTWARE\JavaSoft\Java Runtime Environment\1.8
Check launcher:	C:\Program Files\Java\jre1.8.0_291\bin\javaw.exe (OK)
Match:		1.008.000
Check:		SOFTWARE\JavaSoft\Java Runtime Environment\1.8.0_291
Check launcher:	C:\Program Files\Java\jre1.8.0_291\bin\javaw.exe (OK)
Match:		1.008.000_291
64-bit search:	SOFTWARE\JavaSoft\Java Development Kit...
Check:		SOFTWARE\JavaSoft\Java Development Kit\1.8
Ignore:		1.008.000
Check:		SOFTWARE\JavaSoft\Java Development Kit\1.8.0_271
Ignore:		1.008.000_271
64-bit search:	SOFTWARE\JavaSoft\JRE...
64-bit search:	SOFTWARE\JavaSoft\JDK...
Check:		SOFTWARE\JavaSoft\JDK\13.0.1
Ignore:		1.013.000_001
Runtime used:	1.008.000_291 (64-bit)
Launcher:	C:\Program Files\Java\jre1.8.0_291\bin\javaw.exe
Launcher args:	-jar "C:\Users\Joshua\Documents\Code\subliminator-windows-installer\Subliminator.exe"
Args length:	85/32768 chars
Exit code:	0


Version:	3.14
CmdLine:	C:\Users\Joshua\Documents\Code\subliminator-windows-installer\Subliminator.exe --l4j-debug
WOW64:		yes
Working dir:	C:\Users\Joshua\Documents\Code\subliminator-windows-installer\.
Java min ver:	1.008.000
Java max ver:	1.009.000
64-bit search:	SOFTWARE\JavaSoft\Java Runtime Environment...
Check:		SOFTWARE\JavaSoft\Java Runtime Environment\1.8
Check launcher:	C:\Program Files\Java\jre1.8.0_291\bin\javaw.exe (OK)
Match:		1.008.000
Check:		SOFTWARE\JavaSoft\Java Runtime Environment\1.8.0_291
Check launcher:	C:\Program Files\Java\jre1.8.0_291\bin\javaw.exe (OK)
Match:		1.008.000_291
64-bit search:	SOFTWARE\JavaSoft\Java Development Kit...
Check:		SOFTWARE\JavaSoft\Java Development Kit\1.8
Ignore:		1.008.000
Check:		SOFTWARE\JavaSoft\Java Development Kit\1.8.0_271
Ignore:		1.008.000_271
64-bit search:	SOFTWARE\JavaSoft\JRE...
64-bit search:	SOFTWARE\JavaSoft\JDK...
Check:		SOFTWARE\JavaSoft\JDK\13.0.1
Ignore:		1.013.000_001
Runtime used:	1.008.000_291 (64-bit)
Launcher:	C:\Program Files\Java\jre1.8.0_291\bin\javaw.exe
Launcher args:	-jar "C:\Users\Joshua\Documents\Code\subliminator-windows-installer\Subliminator.exe"
Args length:	85/32768 chars
Exit code:	0


Version:	3.14
CmdLine:	C:\Users\Joshua\Documents\Code\subliminator-windows-installer\Subliminator.exe --l4j-debug
WOW64:		yes
Working dir:	C:\Users\Joshua\Documents\Code\subliminator-windows-installer\.
Java min ver:	1.008.000
Java max ver:	
64-bit search:	SOFTWARE\JavaSoft\Java Runtime Environment...
Check:		SOFTWARE\JavaSoft\Java Runtime Environment\1.8
Check launcher:	C:\Program Files\Java\jre1.8.0_291\bin\javaw.exe (OK)
Match:		1.008.000
Check:		SOFTWARE\JavaSoft\Java Runtime Environment\1.8.0_291
Check launcher:	C:\Program Files\Java\jre1.8.0_291\bin\javaw.exe (OK)
Match:		1.008.000_291
64-bit search:	SOFTWARE\JavaSoft\Java Development Kit...
Check:		SOFTWARE\JavaSoft\Java Development Kit\1.8
Ignore:		1.008.000
Check:		SOFTWARE\JavaSoft\Java Development Kit\1.8.0_271
Ignore:		1.008.000_271
64-bit search:	SOFTWARE\JavaSoft\JRE...
64-bit search:	SOFTWARE\JavaSoft\JDK...
Check:		SOFTWARE\JavaSoft\JDK\13.0.1
Check launcher:	C:\Program Files\Java\jdk-13.0.1\bin\javaw.exe (OK)
Match:		1.013.000_001
Runtime used:	1.013.000_001 (64-bit)
Launcher:	C:\Program Files\Java\jdk-13.0.1\bin\javaw.exe
Launcher args:	-jar "C:\Users\Joshua\Documents\Code\subliminator-windows-installer\Subliminator.exe"
Args length:	85/32768 chars
Exit code:	0
